<?xml version="1.0" encoding="UTF-8"?>
<testng-results ignored="0" total="2" passed="2" failed="0" skipped="0">
  <reporter-output>
  </reporter-output>
  <suite started-at="2024-02-02T17:11:31 IST" name="Default suite" finished-at="2024-02-02T17:11:31 IST" duration-ms="185">
    <groups>
    </groups>
    <test started-at="2024-02-02T17:11:31 IST" name="Default test" finished-at="2024-02-02T17:11:31 IST" duration-ms="185">
      <class name="Test.sd">
        <test-method signature="b()[pri:1, instance:Test.sd@5f354bcf]" started-at="2024-02-02T17:11:31 IST" name="b" finished-at="2024-02-02T17:11:31 IST" duration-ms="68" status="PASS">
          <reporter-output>
          </reporter-output>
        </test-method> <!-- b -->
        <test-method signature="c()[pri:1, instance:Test.sd@5f354bcf]" started-at="2024-02-02T17:11:31 IST" name="c" finished-at="2024-02-02T17:11:31 IST" duration-ms="4" status="PASS">
          <reporter-output>
          </reporter-output>
        </test-method> <!-- c -->
      </class> <!-- Test.sd -->
    </test> <!-- Default test -->
  </suite> <!-- Default suite -->
</testng-results>
