<?xml version="1.0" encoding="UTF-8"?>
<testng-results ignored="0" total="1" passed="1" failed="0" skipped="0">
  <reporter-output>
  </reporter-output>
  <suite started-at="2024-02-16T10:22:33 IST" name="Default suite" finished-at="2024-02-16T10:22:33 IST" duration-ms="303">
    <groups>
    </groups>
    <test started-at="2024-02-16T10:22:33 IST" name="Default test" finished-at="2024-02-16T10:22:33 IST" duration-ms="303">
      <class name="Test.BaseClass">
        <test-method is-config="true" signature="beforeSuite()[pri:0, instance:Test.BaseClass@2c07545f]" started-at="2024-02-16T10:22:33 IST" name="beforeSuite" finished-at="2024-02-16T10:22:33 IST" duration-ms="22" status="PASS">
          <reporter-output>
          </reporter-output>
        </test-method> <!-- beforeSuite -->
        <test-method is-config="true" signature="beforeTest()[pri:0, instance:Test.BaseClass@2c07545f]" started-at="2024-02-16T10:22:33 IST" name="beforeTest" finished-at="2024-02-16T10:22:33 IST" duration-ms="1" status="PASS">
          <reporter-output>
          </reporter-output>
        </test-method> <!-- beforeTest -->
        <test-method is-config="true" signature="beforeClass()[pri:0, instance:Test.BaseClass@2c07545f]" started-at="2024-02-16T10:22:33 IST" name="beforeClass" finished-at="2024-02-16T10:22:33 IST" duration-ms="1" status="PASS">
          <reporter-output>
          </reporter-output>
        </test-method> <!-- beforeClass -->
        <test-method is-config="true" signature="beforeMethod()[pri:0, instance:Test.BaseClass@2c07545f]" started-at="2024-02-16T10:22:33 IST" name="beforeMethod" finished-at="2024-02-16T10:22:33 IST" duration-ms="1" status="PASS">
          <reporter-output>
          </reporter-output>
        </test-method> <!-- beforeMethod -->
        <test-method signature="test()[pri:0, instance:Test.BaseClass@2c07545f]" started-at="2024-02-16T10:22:33 IST" name="test" finished-at="2024-02-16T10:22:33 IST" duration-ms="84" status="PASS">
          <reporter-output>
          </reporter-output>
        </test-method> <!-- test -->
        <test-method is-config="true" signature="afterMethod()[pri:0, instance:Test.BaseClass@2c07545f]" started-at="2024-02-16T10:22:33 IST" name="afterMethod" finished-at="2024-02-16T10:22:33 IST" duration-ms="1" status="PASS">
          <reporter-output>
          </reporter-output>
        </test-method> <!-- afterMethod -->
        <test-method is-config="true" signature="afterClass()[pri:0, instance:Test.BaseClass@2c07545f]" started-at="2024-02-16T10:22:33 IST" name="afterClass" finished-at="2024-02-16T10:22:33 IST" duration-ms="1" status="PASS">
          <reporter-output>
          </reporter-output>
        </test-method> <!-- afterClass -->
        <test-method is-config="true" signature="afterTest()[pri:0, instance:Test.BaseClass@2c07545f]" started-at="2024-02-16T10:22:33 IST" name="afterTest" finished-at="2024-02-16T10:22:33 IST" duration-ms="1" status="PASS">
          <reporter-output>
          </reporter-output>
        </test-method> <!-- afterTest -->
        <test-method is-config="true" signature="AfterSuite()[pri:0, instance:Test.BaseClass@2c07545f]" started-at="2024-02-16T10:22:33 IST" name="AfterSuite" finished-at="2024-02-16T10:22:33 IST" duration-ms="1" status="PASS">
          <reporter-output>
          </reporter-output>
        </test-method> <!-- AfterSuite -->
      </class> <!-- Test.BaseClass -->
    </test> <!-- Default test -->
  </suite> <!-- Default suite -->
</testng-results>
