<?xml version="1.0" encoding="UTF-8"?>
<!-- Generated by org.testng.reporters.JUnitXMLReporter -->
<testsuite ignored="4" hostname="Smartgig" failures="0" tests="2" name="Test" time="0.147" errors="0" timestamp="2024-01-22T14:48:09 IST">
  <testcase classname="TestNG.TC3" name="c" time="0.054"/>
  <testcase classname="TestNG.TC2" name="b" time="0.003"/>
  <testcase classname="TestNG.TC1" name="a" time="0.0">
    <ignored/>
  </testcase> <!-- a -->
  <testcase classname="TestNG.TC6" name="f" time="0.0">
    <ignored/>
  </testcase> <!-- f -->
  <testcase classname="TestNG.TC5" name="e" time="0.0">
    <ignored/>
  </testcase> <!-- e -->
  <testcase classname="TestNG.TC4" name="d" time="0.0">
    <ignored/>
  </testcase> <!-- d -->
</testsuite> <!-- Test -->
